{"/Users/caesar/SE/cedt-se-project-hua/Backend/__test__/FunctionToBeTested/registerTest.js": {"path":"/Users/caesar/SE/cedt-se-project-hua/Backend/__test__/FunctionToBeTested/registerTest.js","statementMap":{"0":{"start":{"line":1,"column":13},"end":{"line":1,"column":41}},"1":{"start":{"line":4,"column":0},"end":{"line":19,"column":1}},"2":{"start":{"line":5,"column":4},"end":{"line":18,"column":5}},"3":{"start":{"line":6,"column":56},"end":{"line":6,"column":64}},"4":{"start":{"line":7,"column":8},"end":{"line":9,"column":9}},"5":{"start":{"line":8,"column":12},"end":{"line":8,"column":101}},"6":{"start":{"line":10,"column":21},"end":{"line":10,"column":80}},"7":{"start":{"line":14,"column":8},"end":{"line":14,"column":46}},"8":{"start":{"line":16,"column":8},"end":{"line":16,"column":47}},"9":{"start":{"line":17,"column":8},"end":{"line":17,"column":31}}},"fnMap":{"0":{"name":"(anonymous_0)","decl":{"start":{"line":4,"column":19},"end":{"line":4,"column":20}},"loc":{"start":{"line":4,"column":45},"end":{"line":19,"column":1}},"line":4}},"branchMap":{"0":{"loc":{"start":{"line":7,"column":8},"end":{"line":9,"column":9}},"type":"if","locations":[{"start":{"line":7,"column":8},"end":{"line":9,"column":9}},{"start":{},"end":{}}],"line":7},"1":{"loc":{"start":{"line":7,"column":11},"end":{"line":7,"column":56}},"type":"binary-expr","locations":[{"start":{"line":7,"column":11},"end":{"line":7,"column":16}},{"start":{"line":7,"column":20},"end":{"line":7,"column":26}},{"start":{"line":7,"column":30},"end":{"line":7,"column":34}},{"start":{"line":7,"column":38},"end":{"line":7,"column":47}},{"start":{"line":7,"column":51},"end":{"line":7,"column":56}}],"line":7}},"s":{"0":1,"1":1,"2":3,"3":3,"4":3,"5":1,"6":2,"7":1,"8":1,"9":1},"f":{"0":3},"b":{"0":[1,2],"1":[3,3,2,2,2]},"_coverageSchema":"1a1c01bbd47fc00a2c39e90264f33305004495a9","hash":"fed4bcf923d84aa54cbdedafcb76160685b98dc8"}
,"/Users/caesar/SE/cedt-se-project-hua/Backend/models/User.js": {"path":"/Users/caesar/SE/cedt-se-project-hua/Backend/models/User.js","statementMap":{"0":{"start":{"line":1,"column":17},"end":{"line":1,"column":36}},"1":{"start":{"line":2,"column":15},"end":{"line":2,"column":34}},"2":{"start":{"line":3,"column":12},"end":{"line":3,"column":35}},"3":{"start":{"line":5,"column":19},"end":{"line":52,"column":2}},"4":{"start":{"line":55,"column":0},"end":{"line":58,"column":3}},"5":{"start":{"line":56,"column":17},"end":{"line":56,"column":41}},"6":{"start":{"line":57,"column":4},"end":{"line":57,"column":59}},"7":{"start":{"line":61,"column":0},"end":{"line":65,"column":2}},"8":{"start":{"line":62,"column":4},"end":{"line":64,"column":7}},"9":{"start":{"line":68,"column":0},"end":{"line":70,"column":2}},"10":{"start":{"line":69,"column":4},"end":{"line":69,"column":64}},"11":{"start":{"line":72,"column":0},"end":{"line":77,"column":2}},"12":{"start":{"line":73,"column":4},"end":{"line":73,"column":63}},"13":{"start":{"line":75,"column":4},"end":{"line":75,"column":60}},"14":{"start":{"line":76,"column":4},"end":{"line":76,"column":11}},"15":{"start":{"line":79,"column":0},"end":{"line":79,"column":52}}},"fnMap":{"0":{"name":"(anonymous_0)","decl":{"start":{"line":55,"column":23},"end":{"line":55,"column":24}},"loc":{"start":{"line":55,"column":44},"end":{"line":58,"column":1}},"line":55},"1":{"name":"(anonymous_1)","decl":{"start":{"line":61,"column":39},"end":{"line":61,"column":40}},"loc":{"start":{"line":61,"column":50},"end":{"line":65,"column":1}},"line":61},"2":{"name":"(anonymous_2)","decl":{"start":{"line":68,"column":35},"end":{"line":68,"column":36}},"loc":{"start":{"line":68,"column":67},"end":{"line":70,"column":1}},"line":68},"3":{"name":"(anonymous_3)","decl":{"start":{"line":72,"column":55},"end":{"line":72,"column":56}},"loc":{"start":{"line":72,"column":75},"end":{"line":77,"column":1}},"line":72}},"branchMap":{},"s":{"0":1,"1":1,"2":1,"3":1,"4":1,"5":0,"6":0,"7":1,"8":0,"9":1,"10":0,"11":1,"12":0,"13":0,"14":0,"15":1},"f":{"0":0,"1":0,"2":0,"3":0},"b":{},"_coverageSchema":"1a1c01bbd47fc00a2c39e90264f33305004495a9","hash":"0a5172f549803bda6cf8c90e91c1d52c69010bba"}
}
