{"C:\\Users\\taspo\\Documents\\SE_PROJECT\\cedt-se-project-hua\\Backend\\controllers\\notifications.js": {"path":"C:\\Users\\taspo\\Documents\\SE_PROJECT\\cedt-se-project-hua\\Backend\\controllers\\notifications.js","statementMap":{"0":{"start":{"line":1,"column":21},"end":{"line":1,"column":54}},"1":{"start":{"line":3,"column":0},"end":{"line":12,"column":1}},"2":{"start":{"line":4,"column":4},"end":{"line":11,"column":5}},"3":{"start":{"line":5,"column":8},"end":{"line":5,"column":33}},"4":{"start":{"line":6,"column":30},"end":{"line":6,"column":94}},"5":{"start":{"line":7,"column":8},"end":{"line":7,"column":65}},"6":{"start":{"line":9,"column":8},"end":{"line":9,"column":27}},"7":{"start":{"line":10,"column":8},"end":{"line":10,"column":88}},"8":{"start":{"line":14,"column":0},"end":{"line":37,"column":1}},"9":{"start":{"line":15,"column":4},"end":{"line":36,"column":5}},"10":{"start":{"line":16,"column":57},"end":{"line":16,"column":65}},"11":{"start":{"line":19,"column":8},"end":{"line":21,"column":9}},"12":{"start":{"line":20,"column":12},"end":{"line":20,"column":96}},"13":{"start":{"line":24,"column":8},"end":{"line":26,"column":9}},"14":{"start":{"line":25,"column":12},"end":{"line":25,"column":98}},"15":{"start":{"line":29,"column":29},"end":{"line":29,"column":64}},"16":{"start":{"line":31,"column":8},"end":{"line":31,"column":63}},"17":{"start":{"line":34,"column":8},"end":{"line":34,"column":27}},"18":{"start":{"line":35,"column":8},"end":{"line":35,"column":90}},"19":{"start":{"line":39,"column":0},"end":{"line":58,"column":1}},"20":{"start":{"line":40,"column":4},"end":{"line":57,"column":5}},"21":{"start":{"line":41,"column":29},"end":{"line":41,"column":71}},"22":{"start":{"line":43,"column":8},"end":{"line":45,"column":9}},"23":{"start":{"line":44,"column":12},"end":{"line":44,"column":90}},"24":{"start":{"line":47,"column":8},"end":{"line":49,"column":9}},"25":{"start":{"line":48,"column":12},"end":{"line":48,"column":105}},"26":{"start":{"line":53,"column":8},"end":{"line":53,"column":53}},"27":{"start":{"line":55,"column":8},"end":{"line":55,"column":27}},"28":{"start":{"line":56,"column":8},"end":{"line":56,"column":90}}},"fnMap":{"0":{"name":"(anonymous_0)","decl":{"start":{"line":3,"column":26},"end":{"line":3,"column":27}},"loc":{"start":{"line":3,"column":47},"end":{"line":12,"column":1}},"line":3},"1":{"name":"(anonymous_1)","decl":{"start":{"line":14,"column":26},"end":{"line":14,"column":27}},"loc":{"start":{"line":14,"column":47},"end":{"line":37,"column":1}},"line":14},"2":{"name":"(anonymous_2)","decl":{"start":{"line":39,"column":29},"end":{"line":39,"column":30}},"loc":{"start":{"line":39,"column":50},"end":{"line":58,"column":1}},"line":39}},"branchMap":{"0":{"loc":{"start":{"line":19,"column":8},"end":{"line":21,"column":9}},"type":"if","locations":[{"start":{"line":19,"column":8},"end":{"line":21,"column":9}},{"start":{},"end":{}}],"line":19},"1":{"loc":{"start":{"line":19,"column":12},"end":{"line":19,"column":62}},"type":"binary-expr","locations":[{"start":{"line":19,"column":12},"end":{"line":19,"column":17}},{"start":{"line":19,"column":21},"end":{"line":19,"column":27}},{"start":{"line":19,"column":31},"end":{"line":19,"column":39}},{"start":{"line":19,"column":43},"end":{"line":19,"column":48}},{"start":{"line":19,"column":52},"end":{"line":19,"column":62}}],"line":19},"2":{"loc":{"start":{"line":24,"column":8},"end":{"line":26,"column":9}},"type":"if","locations":[{"start":{"line":24,"column":8},"end":{"line":26,"column":9}},{"start":{},"end":{}}],"line":24},"3":{"loc":{"start":{"line":24,"column":12},"end":{"line":24,"column":50}},"type":"binary-expr","locations":[{"start":{"line":24,"column":12},"end":{"line":24,"column":29}},{"start":{"line":24,"column":33},"end":{"line":24,"column":50}}],"line":24},"4":{"loc":{"start":{"line":43,"column":8},"end":{"line":45,"column":9}},"type":"if","locations":[{"start":{"line":43,"column":8},"end":{"line":45,"column":9}},{"start":{},"end":{}}],"line":43},"5":{"loc":{"start":{"line":47,"column":8},"end":{"line":49,"column":9}},"type":"if","locations":[{"start":{"line":47,"column":8},"end":{"line":49,"column":9}},{"start":{},"end":{}}],"line":47},"6":{"loc":{"start":{"line":47,"column":11},"end":{"line":47,"column":84}},"type":"binary-expr","locations":[{"start":{"line":47,"column":11},"end":{"line":47,"column":55}},{"start":{"line":47,"column":59},"end":{"line":47,"column":84}}],"line":47}},"s":{"0":1,"1":1,"2":2,"3":2,"4":1,"5":1,"6":1,"7":1,"8":1,"9":4,"10":4,"11":4,"12":1,"13":3,"14":1,"15":2,"16":1,"17":1,"18":1,"19":1,"20":4,"21":4,"22":3,"23":1,"24":2,"25":1,"26":1,"27":1,"28":1},"f":{"0":2,"1":4,"2":4},"b":{"0":[1,3],"1":[4,3,3,3,3],"2":[1,2],"3":[3,1],"4":[1,2],"5":[1,1],"6":[2,1]},"_coverageSchema":"1a1c01bbd47fc00a2c39e90264f33305004495a9","hash":"02d0f21a5208dfa62700d8f125312c618e9250c4"}
,"C:\\Users\\taspo\\Documents\\SE_PROJECT\\cedt-se-project-hua\\Backend\\models\\Booking.js": {"path":"C:\\Users\\taspo\\Documents\\SE_PROJECT\\cedt-se-project-hua\\Backend\\models\\Booking.js","statementMap":{"0":{"start":{"line":1,"column":15},"end":{"line":1,"column":34}},"1":{"start":{"line":3,"column":20},"end":{"line":37,"column":2}},"2":{"start":{"line":38,"column":0},"end":{"line":38,"column":55}}},"fnMap":{},"branchMap":{},"s":{"0":1,"1":1,"2":1},"f":{},"b":{},"_coverageSchema":"1a1c01bbd47fc00a2c39e90264f33305004495a9","hash":"58e4b9fc2c578cdf5959c80a24f624542d35dee8"}
,"C:\\Users\\taspo\\Documents\\SE_PROJECT\\cedt-se-project-hua\\Backend\\models\\Notification.js": {"path":"C:\\Users\\taspo\\Documents\\SE_PROJECT\\cedt-se-project-hua\\Backend\\models\\Notification.js","statementMap":{"0":{"start":{"line":1,"column":15},"end":{"line":1,"column":34}},"1":{"start":{"line":2,"column":16},"end":{"line":2,"column":36}},"2":{"start":{"line":4,"column":25},"end":{"line":35,"column":2}},"3":{"start":{"line":36,"column":0},"end":{"line":41,"column":3}},"4":{"start":{"line":43,"column":0},"end":{"line":43,"column":65}}},"fnMap":{},"branchMap":{},"s":{"0":1,"1":1,"2":1,"3":1,"4":1},"f":{},"b":{},"_coverageSchema":"1a1c01bbd47fc00a2c39e90264f33305004495a9","hash":"a75b04d676807e2d05262b75fa39b9a210779cf3"}
}
