TN:
SF:controllers\notifications.js
FN:3,(anonymous_0)
FN:14,(anonymous_1)
FN:39,(anonymous_2)
FNF:3
FNH:3
FNDA:2,(anonymous_0)
FNDA:4,(anonymous_1)
FNDA:4,(anonymous_2)
DA:1,1
DA:3,1
DA:4,2
DA:5,2
DA:6,1
DA:7,1
DA:9,1
DA:10,1
DA:14,1
DA:15,4
DA:16,4
DA:19,4
DA:20,1
DA:24,3
DA:25,1
DA:29,2
DA:31,1
DA:34,1
DA:35,1
DA:39,1
DA:40,4
DA:41,4
DA:43,3
DA:44,1
DA:47,2
DA:48,1
DA:53,1
DA:55,1
DA:56,1
LF:29
LH:29
BRDA:19,0,0,1
BRDA:19,0,1,3
BRDA:19,1,0,4
BRDA:19,1,1,3
BRDA:19,1,2,3
BRDA:19,1,3,3
BRDA:19,1,4,3
BRDA:24,2,0,1
BRDA:24,2,1,2
BRDA:24,3,0,3
BRDA:24,3,1,1
BRDA:43,4,0,1
BRDA:43,4,1,2
BRDA:47,5,0,1
BRDA:47,5,1,1
BRDA:47,6,0,2
BRDA:47,6,1,1
BRF:17
BRH:17
end_of_record
TN:
SF:models\Booking.js
FNF:0
FNH:0
DA:1,1
DA:3,1
DA:38,1
LF:3
LH:3
BRF:0
BRH:0
end_of_record
TN:
SF:models\Notification.js
FNF:0
FNH:0
DA:1,1
DA:2,1
DA:4,1
DA:36,1
DA:43,1
LF:5
LH:5
BRF:0
BRH:0
end_of_record
