TN:
SF:__test__\FunctionToBeTested\registerTest.js
FN:4,(anonymous_0)
FNF:1
FNH:1
FNDA:3,(anonymous_0)
DA:1,1
DA:4,1
DA:5,3
DA:6,3
DA:7,3
DA:8,1
DA:10,2
DA:14,1
DA:16,1
DA:17,1
LF:10
LH:10
BRDA:7,0,0,1
BRDA:7,0,1,2
BRDA:7,1,0,3
BRDA:7,1,1,3
BRDA:7,1,2,2
BRDA:7,1,3,2
BRDA:7,1,4,2
BRF:7
BRH:7
end_of_record
TN:
SF:controllers\notifications.js
FN:3,(anonymous_0)
FN:14,(anonymous_1)
FN:39,(anonymous_2)
FNF:3
FNH:3
FNDA:2,(anonymous_0)
FNDA:4,(anonymous_1)
FNDA:4,(anonymous_2)
DA:1,1
DA:3,1
DA:4,2
DA:5,2
DA:6,1
DA:7,1
DA:9,1
DA:10,1
DA:14,1
DA:15,4
DA:16,4
DA:19,4
DA:20,1
DA:24,3
DA:25,1
DA:29,2
DA:31,1
DA:34,1
DA:35,1
DA:39,1
DA:40,4
DA:41,4
DA:43,3
DA:44,1
DA:47,2
DA:48,1
DA:51,1
DA:53,1
DA:55,1
DA:56,1
LF:30
LH:30
BRDA:19,0,0,1
BRDA:19,0,1,3
BRDA:19,1,0,4
BRDA:19,1,1,3
BRDA:19,1,2,3
BRDA:19,1,3,3
BRDA:24,2,0,1
BRDA:24,2,1,2
BRDA:24,3,0,3
BRDA:24,3,1,1
BRDA:43,4,0,1
BRDA:43,4,1,2
BRDA:47,5,0,1
BRDA:47,5,1,1
BRDA:47,6,0,2
BRDA:47,6,1,1
BRF:16
BRH:16
end_of_record
TN:
SF:models\Booking.js
FNF:0
FNH:0
DA:1,1
DA:3,1
DA:38,1
LF:3
LH:3
BRF:0
BRH:0
end_of_record
TN:
SF:models\Notification.js
FNF:0
FNH:0
DA:1,1
DA:2,1
DA:4,1
DA:48,1
DA:55,1
LF:5
LH:5
BRF:0
BRH:0
end_of_record
TN:
SF:models\User.js
FN:55,(anonymous_0)
FN:61,(anonymous_1)
FN:68,(anonymous_2)
FN:72,(anonymous_3)
FNF:4
FNH:0
FNDA:0,(anonymous_0)
FNDA:0,(anonymous_1)
FNDA:0,(anonymous_2)
FNDA:0,(anonymous_3)
DA:1,1
DA:2,1
DA:3,1
DA:5,1
DA:55,1
DA:56,0
DA:57,0
DA:61,1
DA:62,0
DA:68,1
DA:69,0
DA:72,1
DA:73,0
DA:75,0
DA:76,0
DA:79,1
LF:16
LH:9
BRF:0
BRH:0
end_of_record
